\BOOKMARK [0][-]{chapter*.2}{Введение}{}% 1
\BOOKMARK [0][-]{section*.4}{Описание языка}{}% 2
\BOOKMARK [0][-]{chapter.1}{Введение в Scheme}{}% 3
\BOOKMARK [1][-]{section.1.1}{Основные типы}{chapter.1}% 4
\BOOKMARK [1][-]{section.1.2}{Выражения}{chapter.1}% 5
\BOOKMARK [1][-]{section.1.3}{Переменные и привязка}{chapter.1}% 6
\BOOKMARK [1][-]{section.1.4}{Определения}{chapter.1}% 7
\BOOKMARK [1][-]{section.1.5}{Формы}{chapter.1}% 8
\BOOKMARK [1][-]{section.1.6}{Процедуры}{chapter.1}% 9
\BOOKMARK [1][-]{section.1.7}{Вызовы процедур и синтаксические ключевые слова}{chapter.1}% 10
\BOOKMARK [1][-]{section.1.8}{Присваивание}{chapter.1}% 11
\BOOKMARK [1][-]{section.1.9}{Производные формы и макросы}{chapter.1}% 12
\BOOKMARK [1][-]{section.1.10}{Синтаксические данные и значения datum}{chapter.1}% 13
\BOOKMARK [1][-]{section.1.11}{Продолжения}{chapter.1}% 14
\BOOKMARK [1][-]{section.1.12}{Библиотеки}{chapter.1}% 15
\BOOKMARK [1][-]{section.1.13}{Программы верхнего уровня}{chapter.1}% 16
\BOOKMARK [0][-]{chapter.2}{Уровни требований}{}% 17
\BOOKMARK [0][-]{chapter.3}{Числа}{}% 18
\BOOKMARK [1][-]{section.3.1}{Числовая башня}{chapter.3}% 19
\BOOKMARK [1][-]{section.3.2}{Точность}{chapter.3}% 20
\BOOKMARK [1][-]{section.3.3}{Fixnums и flonums}{chapter.3}% 21
\BOOKMARK [1][-]{section.3.4}{Требования к реализациям}{chapter.3}% 22
\BOOKMARK [1][-]{section.3.5}{Бесконечность и NaN}{chapter.3}% 23
\BOOKMARK [1][-]{section.3.6}{Распознавание -0.0}{chapter.3}% 24
\BOOKMARK [0][-]{chapter.4}{Лексический и datum-синтаксис}{}% 25
\BOOKMARK [1][-]{section.4.1}{Нотация}{chapter.4}% 26
\BOOKMARK [1][-]{section.4.2}{Лексический синтаксис}{chapter.4}% 27
\BOOKMARK [1][-]{section.4.3}{Datum-синтаксис}{chapter.4}% 28
\BOOKMARK [0][-]{chapter.5}{Семантические концепции}{}% 29
\BOOKMARK [1][-]{section.5.1}{Программы и библиотеки}{chapter.5}% 30
\BOOKMARK [1][-]{section.5.2}{Переменные, ключевые слова и регионы}{chapter.5}% 31
\BOOKMARK [1][-]{section.5.3}{Исключительные ситуации}{chapter.5}% 32
\BOOKMARK [1][-]{section.5.4}{Проверка аргументов}{chapter.5}% 33
\BOOKMARK [1][-]{section.5.5}{Нарушения синтаксиса}{chapter.5}% 34
\BOOKMARK [1][-]{section.5.6}{Безопасность}{chapter.5}% 35
\BOOKMARK [1][-]{section.5.7}{Булевы значения}{chapter.5}% 36
\BOOKMARK [1][-]{section.5.8}{Несколько возвращаемых значений}{chapter.5}% 37
\BOOKMARK [1][-]{section.5.9}{Неопределённое поведение}{chapter.5}% 38
\BOOKMARK [1][-]{section.5.10}{Модель памяти}{chapter.5}% 39
\BOOKMARK [1][-]{section.5.11}{Чистая хвостовая рекурсия}{chapter.5}% 40
\BOOKMARK [1][-]{section.5.12}{Динамический экстент и динамическое окружение}{chapter.5}% 41
\BOOKMARK [0][-]{chapter.6}{Формат записи}{}% 42
\BOOKMARK [1][-]{section.6.1}{Запись синтаксиса}{chapter.6}% 43
\BOOKMARK [1][-]{section.6.2}{Запись процедур}{chapter.6}% 44
\BOOKMARK [1][-]{section.6.3}{Обязанности реализации}{chapter.6}% 45
\BOOKMARK [1][-]{section.6.4}{Другие виды записей}{chapter.6}% 46
\BOOKMARK [1][-]{section.6.5}{Эквивалентные записи}{chapter.6}% 47
\BOOKMARK [1][-]{section.6.6}{Примеры вычислений}{chapter.6}% 48
\BOOKMARK [1][-]{section.6.7}{Соглашения по именованию}{chapter.6}% 49
\BOOKMARK [0][-]{chapter.7}{Библиотеки}{}% 50
\BOOKMARK [1][-]{section.7.1}{Библиотечная форма}{chapter.7}% 51
\BOOKMARK [1][-]{section.7.2}{Уровни экспорта и импорта}{chapter.7}% 52
\BOOKMARK [1][-]{section.7.3}{Примеры}{chapter.7}% 53
\BOOKMARK [0][-]{chapter.8}{Программы верхнего уровня}{}% 54
\BOOKMARK [1][-]{section.8.1}{Синтаксис программ верхнего уровня}{chapter.8}% 55
\BOOKMARK [1][-]{section.8.2}{Семантика программы верхнего уровня}{chapter.8}% 56
\BOOKMARK [0][-]{chapter.9}{Синтаксис примитивов}{}% 57
\BOOKMARK [1][-]{section.9.1}{Типы примитивных выражений}{chapter.9}% 58
\BOOKMARK [1][-]{section.9.2}{Макросы}{chapter.9}% 59
\BOOKMARK [0][-]{chapter.10}{Процесс разворачивания}{}% 60
\BOOKMARK [0][-]{chapter.11}{Base\040library}{}% 61
\BOOKMARK [1][-]{section.11.1}{Base\040types}{chapter.11}% 62
\BOOKMARK [1][-]{section.11.2}{Definitions}{chapter.11}% 63
\BOOKMARK [1][-]{section.11.3}{Bodies}{chapter.11}% 64
\BOOKMARK [1][-]{section.11.4}{Expressions}{chapter.11}% 65
\BOOKMARK [1][-]{section.11.5}{Equivalence\040predicates}{chapter.11}% 66
\BOOKMARK [1][-]{section.11.6}{Procedure\040predicate}{chapter.11}% 67
\BOOKMARK [1][-]{section.11.7}{Arithmetic}{chapter.11}% 68
\BOOKMARK [1][-]{section.11.8}{Booleans}{chapter.11}% 69
\BOOKMARK [1][-]{section.11.9}{Pairs\040and\040lists}{chapter.11}% 70
\BOOKMARK [1][-]{section.11.10}{Symbols}{chapter.11}% 71
\BOOKMARK [1][-]{section.11.11}{Characters}{chapter.11}% 72
\BOOKMARK [1][-]{section.11.12}{Strings}{chapter.11}% 73
\BOOKMARK [1][-]{section.11.13}{Vectors}{chapter.11}% 74
\BOOKMARK [1][-]{section.11.14}{Errors\040and\040violations}{chapter.11}% 75
\BOOKMARK [1][-]{section.11.15}{Control\040features}{chapter.11}% 76
\BOOKMARK [1][-]{section.11.16}{Iteration}{chapter.11}% 77
\BOOKMARK [1][-]{section.11.17}{Quasiquotation}{chapter.11}% 78
\BOOKMARK [1][-]{section.11.18}{Binding\040constructs\040for\040syntactic\040keywords}{chapter.11}% 79
\BOOKMARK [1][-]{section.11.19}{Macro\040transformers}{chapter.11}% 80
\BOOKMARK [1][-]{section.11.20}{Tail\040calls\040and\040tail\040contexts}{chapter.11}% 81
\BOOKMARK [0][-]{section.11.20}{Appendices}{}% 82
\BOOKMARK [0][-]{appendix.A}{Formal\040semantics}{}% 83
\BOOKMARK [1][-]{section.A.1}{Background}{appendix.A}% 84
\BOOKMARK [1][-]{section.A.2}{Grammar}{appendix.A}% 85
\BOOKMARK [1][-]{section.A.3}{Quote}{appendix.A}% 86
\BOOKMARK [1][-]{section.A.4}{Multiple\040values}{appendix.A}% 87
\BOOKMARK [1][-]{section.A.5}{Exceptions}{appendix.A}% 88
\BOOKMARK [1][-]{section.A.6}{Arithmetic\040and\040basic\040forms}{appendix.A}% 89
\BOOKMARK [1][-]{section.A.7}{Lists}{appendix.A}% 90
\BOOKMARK [1][-]{section.A.8}{Eqv}{appendix.A}% 91
\BOOKMARK [1][-]{section.A.9}{Procedures\040and\040application}{appendix.A}% 92
\BOOKMARK [1][-]{section.A.10}{Call/cc\040and\040dynamic\040wind}{appendix.A}% 93
\BOOKMARK [1][-]{section.A.11}{Letrec}{appendix.A}% 94
\BOOKMARK [1][-]{section.A.12}{Underspecification}{appendix.A}% 95
\BOOKMARK [0][-]{appendix.B}{Sample\040definitions\040for\040derived\040forms}{}% 96
\BOOKMARK [0][-]{appendix.C}{Additional\040material}{}% 97
\BOOKMARK [0][-]{appendix.D}{Example\040}{}% 98
\BOOKMARK [0][-]{appendix.E}{Language\040changes}{}% 99
